c:\users\rvanb\onedrive\documenten\onedrive - hogeschool west-vlaanderen\dae\gameplay programming\gpp_exam\gpp_exam\zombiegame\project\_temp\debug\gpp_plugin_d.pch
c:\users\rvanb\onedrive\documenten\onedrive - hogeschool west-vlaanderen\dae\gameplay programming\gpp_exam\gpp_exam\zombiegame\project\_temp\debug\vc143.pdb
c:\users\rvanb\onedrive\documenten\onedrive - hogeschool west-vlaanderen\dae\gameplay programming\gpp_exam\gpp_exam\zombiegame\project\_temp\debug\vc143.idb
c:\users\rvanb\onedrive\documenten\onedrive - hogeschool west-vlaanderen\dae\gameplay programming\gpp_exam\gpp_exam\zombiegame\project\_temp\debug\stdafx.obj
c:\users\rvanb\onedrive\documenten\onedrive - hogeschool west-vlaanderen\dae\gameplay programming\gpp_exam\gpp_exam\zombiegame\project\_temp\debug\steeringbehavior.obj
c:\users\rvanb\onedrive\documenten\onedrive - hogeschool west-vlaanderen\dae\gameplay programming\gpp_exam\gpp_exam\zombiegame\project\_temp\debug\plugin.obj
c:\users\rvanb\onedrive\documenten\onedrive - hogeschool west-vlaanderen\dae\gameplay programming\gpp_exam\gpp_exam\zombiegame\project\_temp\debug\planner.obj
c:\users\rvanb\onedrive\documenten\onedrive - hogeschool west-vlaanderen\dae\gameplay programming\gpp_exam\gpp_exam\zombiegame\project\_temp\debug\action.obj
c:\users\rvanb\onedrive\documenten\onedrive - hogeschool west-vlaanderen\dae\gameplay programming\gpp_exam\gpp_exam\zombiegame\_demo_debug\gpp_plugin_d.lib
c:\users\rvanb\onedrive\documenten\onedrive - hogeschool west-vlaanderen\dae\gameplay programming\gpp_exam\gpp_exam\zombiegame\_demo_debug\gpp_plugin_d.exp
c:\users\rvanb\onedrive\documenten\onedrive - hogeschool west-vlaanderen\dae\gameplay programming\gpp_exam\gpp_exam\zombiegame\_demo_debug\gpp_plugin_d.dll
c:\users\rvanb\onedrive\documenten\onedrive - hogeschool west-vlaanderen\dae\gameplay programming\gpp_exam\gpp_exam\zombiegame\project\_temp\debug\gpp_plugin_d.ilk
c:\users\rvanb\onedrive\documenten\onedrive - hogeschool west-vlaanderen\dae\gameplay programming\gpp_exam\gpp_exam\zombiegame\_demo_debug\gpp_plugin_d.pdb
c:\users\rvanb\onedrive\documenten\onedrive - hogeschool west-vlaanderen\dae\gameplay programming\gpp_exam\gpp_exam\zombiegame\project\..\_demo_debug\gpp_plugin_d.pdb
c:\users\rvanb\onedrive\documenten\onedrive - hogeschool west-vlaanderen\dae\gameplay programming\gpp_exam\gpp_exam\zombiegame\project\_temp\debug\gpp_exam.tlog\cl.command.1.tlog
c:\users\rvanb\onedrive\documenten\onedrive - hogeschool west-vlaanderen\dae\gameplay programming\gpp_exam\gpp_exam\zombiegame\project\_temp\debug\gpp_exam.tlog\cl.read.1.tlog
c:\users\rvanb\onedrive\documenten\onedrive - hogeschool west-vlaanderen\dae\gameplay programming\gpp_exam\gpp_exam\zombiegame\project\_temp\debug\gpp_exam.tlog\cl.write.1.tlog
c:\users\rvanb\onedrive\documenten\onedrive - hogeschool west-vlaanderen\dae\gameplay programming\gpp_exam\gpp_exam\zombiegame\project\_temp\debug\gpp_exam.tlog\link.command.1.tlog
c:\users\rvanb\onedrive\documenten\onedrive - hogeschool west-vlaanderen\dae\gameplay programming\gpp_exam\gpp_exam\zombiegame\project\_temp\debug\gpp_exam.tlog\link.read.1.tlog
c:\users\rvanb\onedrive\documenten\onedrive - hogeschool west-vlaanderen\dae\gameplay programming\gpp_exam\gpp_exam\zombiegame\project\_temp\debug\gpp_exam.tlog\link.write.1.tlog
c:\users\rvanb\onedrive\documenten\onedrive - hogeschool west-vlaanderen\dae\gameplay programming\gpp_exam\gpp_exam\zombiegame\project\_temp\debug\gpp_exam.tlog\link.write.2u.tlog
